=> Saving checkpoint

------------------------------------------------------------
Sender: LSF System <lsfadmin@hpc.dtu.dk>
Subject: Job 16807593: <torch_gpu_04> in cluster <dcc> Exited

Job <torch_gpu_04> was submitted from host <n-62-30-1> by user <s214617> in cluster <dcc> at Mon Jun  5 16:44:05 2023
Job was executed on host(s) <16*n-62-12-23>, in queue <gpua100>, as user <s214617> in cluster <dcc> at Mon Jun  5 22:18:41 2023
</zhome/52/b/167847> was used as the home directory.
</zhome/52/b/167847/Desktop/02466/PointClouds/Fagprojekt_Git> was used as the working directory.
Started at Mon Jun  5 22:18:41 2023
Terminated at Mon Jun  5 22:19:26 2023
Results reported at Mon Jun  5 22:19:26 2023

Your job looked like:

------------------------------------------------------------
# LSBATCH: User input
#!/bin/sh
#BSUB -J torch_gpu_04
#BSUB -o torch__04_%J.out
#BSUB -e torch_04_%J.err
#BSUB -q gpua100
#BSUB -gpu "num=1:mode=exclusive_process"
#BSUB -n 1,16
#BSUB -u s214617@dtu.dk
#BSUB -B
#BSUB -R "rusage[mem=2G]"
#BSUB -R "span[hosts=1]"
#BSUB -W 1440
# end of BSUB options

# load a scipy module
# replace VERSION and uncomment
module load scipy/1.10.1-python-3.9.16

# activate the virtual environment
# NOTE: needs to have been built with the same SciPy version above!
source 02466/bin/activate

python train.py

------------------------------------------------------------

Exited with exit code 1.

Resource usage summary:

    CPU time :                                   231.92 sec.
    Max Memory :                                 4612 MB
    Average Memory :                             3618.67 MB
    Total Requested Memory :                     32768.00 MB
    Delta Memory :                               28156.00 MB
    Max Swap :                                   -
    Max Processes :                              18
    Max Threads :                                54
    Run time :                                   46 sec.
    Turnaround time :                            20121 sec.

The output (if any) is above this job summary.



PS:

Read file <torch_04_16807593.err> for stderr output of this job.

