tensor(0.3137, device='cuda:0', grad_fn=<MseLossBackward0>)
tensor(0.3114, device='cuda:0', grad_fn=<MseLossBackward0>)
tensor(0.3142, device='cuda:0', grad_fn=<MseLossBackward0>)
tensor(0.3065, device='cuda:0', grad_fn=<MseLossBackward0>)
tensor(0.3122, device='cuda:0', grad_fn=<MseLossBackward0>)
tensor(0.3136, device='cuda:0', grad_fn=<MseLossBackward0>)
tensor(0.3187, device='cuda:0', grad_fn=<MseLossBackward0>)
tensor(0.3127, device='cuda:0', grad_fn=<MseLossBackward0>)
tensor(0.3089, device='cuda:0', grad_fn=<MseLossBackward0>)
tensor(0.3118, device='cuda:0', grad_fn=<MseLossBackward0>)
tensor(0.3122, device='cuda:0', grad_fn=<MseLossBackward0>)
tensor(0.3082, device='cuda:0', grad_fn=<MseLossBackward0>)
tensor(0.3156, device='cuda:0', grad_fn=<MseLossBackward0>)
tensor(0.3065, device='cuda:0', grad_fn=<MseLossBackward0>)
tensor(0.3048, device='cuda:0', grad_fn=<MseLossBackward0>)
tensor(0.3111, device='cuda:0', grad_fn=<MseLossBackward0>)
tensor(0.3064, device='cuda:0', grad_fn=<MseLossBackward0>)
tensor(0.3065, device='cuda:0', grad_fn=<MseLossBackward0>)
tensor(0.3099, device='cuda:0', grad_fn=<MseLossBackward0>)
tensor(0.3082, device='cuda:0', grad_fn=<MseLossBackward0>)
tensor(0.3032, device='cuda:0', grad_fn=<MseLossBackward0>)
tensor(0.3091, device='cuda:0', grad_fn=<MseLossBackward0>)
tensor(0.3113, device='cuda:0', grad_fn=<MseLossBackward0>)
tensor(0.3035, device='cuda:0', grad_fn=<MseLossBackward0>)
tensor(0.2960, device='cuda:0', grad_fn=<MseLossBackward0>)
tensor(0.3129, device='cuda:0', grad_fn=<MseLossBackward0>)
tensor(0.3045, device='cuda:0', grad_fn=<MseLossBackward0>)
tensor(0.3063, device='cuda:0', grad_fn=<MseLossBackward0>)
tensor(0.3001, device='cuda:0', grad_fn=<MseLossBackward0>)
tensor(0.2982, device='cuda:0', grad_fn=<MseLossBackward0>)
tensor(0.3024, device='cuda:0', grad_fn=<MseLossBackward0>)
tensor(0.3025, device='cuda:0', grad_fn=<MseLossBackward0>)
tensor(0.2950, device='cuda:0', grad_fn=<MseLossBackward0>)
tensor(0.3004, device='cuda:0', grad_fn=<MseLossBackward0>)
tensor(0.3012, device='cuda:0', grad_fn=<MseLossBackward0>)
tensor(0.3084, device='cuda:0', grad_fn=<MseLossBackward0>)
tensor(0.2990, device='cuda:0', grad_fn=<MseLossBackward0>)
tensor(0.2981, device='cuda:0', grad_fn=<MseLossBackward0>)
tensor(0.3133, device='cuda:0', grad_fn=<MseLossBackward0>)
=> Saving checkpoint
=> Saving checkpoint
=> Saving checkpoint
=> Saving checkpoint
tensor(0.3016, device='cuda:0', grad_fn=<MseLossBackward0>)
tensor(0.2924, device='cuda:0', grad_fn=<MseLossBackward0>)
tensor(0.3008, device='cuda:0', grad_fn=<MseLossBackward0>)
tensor(0.2892, device='cuda:0', grad_fn=<MseLossBackward0>)
tensor(0.2964, device='cuda:0', grad_fn=<MseLossBackward0>)
tensor(0.2892, device='cuda:0', grad_fn=<MseLossBackward0>)
tensor(0.2899, device='cuda:0', grad_fn=<MseLossBackward0>)
tensor(0.2975, device='cuda:0', grad_fn=<MseLossBackward0>)
tensor(0.2939, device='cuda:0', grad_fn=<MseLossBackward0>)
tensor(0.2948, device='cuda:0', grad_fn=<MseLossBackward0>)
tensor(0.2918, device='cuda:0', grad_fn=<MseLossBackward0>)
tensor(0.2844, device='cuda:0', grad_fn=<MseLossBackward0>)
tensor(0.2898, device='cuda:0', grad_fn=<MseLossBackward0>)
tensor(0.2867, device='cuda:0', grad_fn=<MseLossBackward0>)
tensor(0.2853, device='cuda:0', grad_fn=<MseLossBackward0>)
tensor(0.2899, device='cuda:0', grad_fn=<MseLossBackward0>)
tensor(0.2942, device='cuda:0', grad_fn=<MseLossBackward0>)
tensor(0.2853, device='cuda:0', grad_fn=<MseLossBackward0>)
tensor(0.2763, device='cuda:0', grad_fn=<MseLossBackward0>)
tensor(0.2845, device='cuda:0', grad_fn=<MseLossBackward0>)
tensor(0.2788, device='cuda:0', grad_fn=<MseLossBackward0>)
tensor(0.2913, device='cuda:0', grad_fn=<MseLossBackward0>)
tensor(0.2841, device='cuda:0', grad_fn=<MseLossBackward0>)
tensor(0.2906, device='cuda:0', grad_fn=<MseLossBackward0>)
tensor(0.2847, device='cuda:0', grad_fn=<MseLossBackward0>)
tensor(0.2896, device='cuda:0', grad_fn=<MseLossBackward0>)
tensor(0.2848, device='cuda:0', grad_fn=<MseLossBackward0>)
tensor(0.2876, device='cuda:0', grad_fn=<MseLossBackward0>)
tensor(0.2824, device='cuda:0', grad_fn=<MseLossBackward0>)
tensor(0.2686, device='cuda:0', grad_fn=<MseLossBackward0>)
tensor(0.2707, device='cuda:0', grad_fn=<MseLossBackward0>)
tensor(0.2732, device='cuda:0', grad_fn=<MseLossBackward0>)
tensor(0.2799, device='cuda:0', grad_fn=<MseLossBackward0>)
tensor(0.2713, device='cuda:0', grad_fn=<MseLossBackward0>)
tensor(0.2801, device='cuda:0', grad_fn=<MseLossBackward0>)
tensor(0.2786, device='cuda:0', grad_fn=<MseLossBackward0>)
tensor(0.2764, device='cuda:0', grad_fn=<MseLossBackward0>)
tensor(0.2780, device='cuda:0', grad_fn=<MseLossBackward0>)
tensor(0.2980, device='cuda:0', grad_fn=<MseLossBackward0>)
=> Saving checkpoint
=> Saving checkpoint
=> Saving checkpoint
=> Saving checkpoint
tensor(0.2840, device='cuda:0', grad_fn=<MseLossBackward0>)
tensor(0.2730, device='cuda:0', grad_fn=<MseLossBackward0>)
tensor(0.2756, device='cuda:0', grad_fn=<MseLossBackward0>)
tensor(0.2792, device='cuda:0', grad_fn=<MseLossBackward0>)
tensor(0.2755, device='cuda:0', grad_fn=<MseLossBackward0>)
tensor(0.2767, device='cuda:0', grad_fn=<MseLossBackward0>)
tensor(0.2696, device='cuda:0', grad_fn=<MseLossBackward0>)
tensor(0.2663, device='cuda:0', grad_fn=<MseLossBackward0>)
tensor(0.2643, device='cuda:0', grad_fn=<MseLossBackward0>)
tensor(0.2793, device='cuda:0', grad_fn=<MseLossBackward0>)
tensor(0.2724, device='cuda:0', grad_fn=<MseLossBackward0>)
tensor(0.2665, device='cuda:0', grad_fn=<MseLossBackward0>)
tensor(0.2624, device='cuda:0', grad_fn=<MseLossBackward0>)
tensor(0.2649, device='cuda:0', grad_fn=<MseLossBackward0>)
tensor(0.2668, device='cuda:0', grad_fn=<MseLossBackward0>)
tensor(0.2644, device='cuda:0', grad_fn=<MseLossBackward0>)
tensor(0.2646, device='cuda:0', grad_fn=<MseLossBackward0>)
tensor(0.2652, device='cuda:0', grad_fn=<MseLossBackward0>)
tensor(0.2758, device='cuda:0', grad_fn=<MseLossBackward0>)
tensor(0.2722, device='cuda:0', grad_fn=<MseLossBackward0>)
tensor(0.2569, device='cuda:0', grad_fn=<MseLossBackward0>)
tensor(0.2681, device='cuda:0', grad_fn=<MseLossBackward0>)
tensor(0.2801, device='cuda:0', grad_fn=<MseLossBackward0>)
tensor(0.2658, device='cuda:0', grad_fn=<MseLossBackward0>)
tensor(0.2530, device='cuda:0', grad_fn=<MseLossBackward0>)
tensor(0.2587, device='cuda:0', grad_fn=<MseLossBackward0>)
tensor(0.2603, device='cuda:0', grad_fn=<MseLossBackward0>)
tensor(0.2663, device='cuda:0', grad_fn=<MseLossBackward0>)
tensor(0.2712, device='cuda:0', grad_fn=<MseLossBackward0>)
tensor(0.2579, device='cuda:0', grad_fn=<MseLossBackward0>)
tensor(0.2680, device='cuda:0', grad_fn=<MseLossBackward0>)
tensor(0.2594, device='cuda:0', grad_fn=<MseLossBackward0>)
tensor(0.2563, device='cuda:0', grad_fn=<MseLossBackward0>)
tensor(0.2625, device='cuda:0', grad_fn=<MseLossBackward0>)
tensor(0.2687, device='cuda:0', grad_fn=<MseLossBackward0>)
tensor(0.2582, device='cuda:0', grad_fn=<MseLossBackward0>)
tensor(0.2453, device='cuda:0', grad_fn=<MseLossBackward0>)
tensor(0.2554, device='cuda:0', grad_fn=<MseLossBackward0>)
tensor(0.3048, device='cuda:0', grad_fn=<MseLossBackward0>)
=> Saving checkpoint
=> Saving checkpoint
=> Saving checkpoint
=> Saving checkpoint
tensor(0.2538, device='cuda:0', grad_fn=<MseLossBackward0>)
tensor(0.2470, device='cuda:0', grad_fn=<MseLossBackward0>)
tensor(0.2619, device='cuda:0', grad_fn=<MseLossBackward0>)
tensor(0.2543, device='cuda:0', grad_fn=<MseLossBackward0>)
tensor(0.2537, device='cuda:0', grad_fn=<MseLossBackward0>)
tensor(0.2518, device='cuda:0', grad_fn=<MseLossBackward0>)
tensor(0.2736, device='cuda:0', grad_fn=<MseLossBackward0>)
tensor(0.2437, device='cuda:0', grad_fn=<MseLossBackward0>)
tensor(0.2493, device='cuda:0', grad_fn=<MseLossBackward0>)
tensor(0.2748, device='cuda:0', grad_fn=<MseLossBackward0>)
tensor(0.2625, device='cuda:0', grad_fn=<MseLossBackward0>)
tensor(0.2643, device='cuda:0', grad_fn=<MseLossBackward0>)
tensor(0.2582, device='cuda:0', grad_fn=<MseLossBackward0>)
tensor(0.2551, device='cuda:0', grad_fn=<MseLossBackward0>)
tensor(0.2610, device='cuda:0', grad_fn=<MseLossBackward0>)
tensor(0.2395, device='cuda:0', grad_fn=<MseLossBackward0>)
tensor(0.2418, device='cuda:0', grad_fn=<MseLossBackward0>)
tensor(0.2622, device='cuda:0', grad_fn=<MseLossBackward0>)
tensor(0.2519, device='cuda:0', grad_fn=<MseLossBackward0>)
tensor(0.2521, device='cuda:0', grad_fn=<MseLossBackward0>)
tensor(0.2518, device='cuda:0', grad_fn=<MseLossBackward0>)
tensor(0.2548, device='cuda:0', grad_fn=<MseLossBackward0>)
tensor(0.2517, device='cuda:0', grad_fn=<MseLossBackward0>)
tensor(0.2508, device='cuda:0', grad_fn=<MseLossBackward0>)
tensor(0.2511, device='cuda:0', grad_fn=<MseLossBackward0>)
tensor(0.2451, device='cuda:0', grad_fn=<MseLossBackward0>)
tensor(0.2405, device='cuda:0', grad_fn=<MseLossBackward0>)
tensor(0.2475, device='cuda:0', grad_fn=<MseLossBackward0>)
tensor(0.2540, device='cuda:0', grad_fn=<MseLossBackward0>)
tensor(0.2542, device='cuda:0', grad_fn=<MseLossBackward0>)
tensor(0.2684, device='cuda:0', grad_fn=<MseLossBackward0>)
tensor(0.2436, device='cuda:0', grad_fn=<MseLossBackward0>)
tensor(0.2452, device='cuda:0', grad_fn=<MseLossBackward0>)
tensor(0.2424, device='cuda:0', grad_fn=<MseLossBackward0>)
tensor(0.2459, device='cuda:0', grad_fn=<MseLossBackward0>)
tensor(0.2422, device='cuda:0', grad_fn=<MseLossBackward0>)
tensor(0.2477, device='cuda:0', grad_fn=<MseLossBackward0>)
tensor(0.2337, device='cuda:0', grad_fn=<MseLossBackward0>)
tensor(0.2915, device='cuda:0', grad_fn=<MseLossBackward0>)
=> Saving checkpoint
=> Saving checkpoint
=> Saving checkpoint
=> Saving checkpoint
tensor(0.2511, device='cuda:0', grad_fn=<MseLossBackward0>)
tensor(0.2492, device='cuda:0', grad_fn=<MseLossBackward0>)
tensor(0.2259, device='cuda:0', grad_fn=<MseLossBackward0>)
tensor(0.2372, device='cuda:0', grad_fn=<MseLossBackward0>)
tensor(0.2491, device='cuda:0', grad_fn=<MseLossBackward0>)
tensor(0.2315, device='cuda:0', grad_fn=<MseLossBackward0>)
tensor(0.2439, device='cuda:0', grad_fn=<MseLossBackward0>)
tensor(0.2293, device='cuda:0', grad_fn=<MseLossBackward0>)
tensor(0.2399, device='cuda:0', grad_fn=<MseLossBackward0>)
tensor(0.2366, device='cuda:0', grad_fn=<MseLossBackward0>)
tensor(0.2476, device='cuda:0', grad_fn=<MseLossBackward0>)
tensor(0.2511, device='cuda:0', grad_fn=<MseLossBackward0>)
tensor(0.2349, device='cuda:0', grad_fn=<MseLossBackward0>)
tensor(0.2378, device='cuda:0', grad_fn=<MseLossBackward0>)
tensor(0.2316, device='cuda:0', grad_fn=<MseLossBackward0>)
tensor(0.2441, device='cuda:0', grad_fn=<MseLossBackward0>)
tensor(0.2487, device='cuda:0', grad_fn=<MseLossBackward0>)
tensor(0.2457, device='cuda:0', grad_fn=<MseLossBackward0>)
tensor(0.2378, device='cuda:0', grad_fn=<MseLossBackward0>)
tensor(0.2429, device='cuda:0', grad_fn=<MseLossBackward0>)
tensor(0.2432, device='cuda:0', grad_fn=<MseLossBackward0>)
tensor(0.2252, device='cuda:0', grad_fn=<MseLossBackward0>)
tensor(0.2476, device='cuda:0', grad_fn=<MseLossBackward0>)
tensor(0.2321, device='cuda:0', grad_fn=<MseLossBackward0>)
tensor(0.2457, device='cuda:0', grad_fn=<MseLossBackward0>)
tensor(0.2368, device='cuda:0', grad_fn=<MseLossBackward0>)
tensor(0.2372, device='cuda:0', grad_fn=<MseLossBackward0>)
tensor(0.2369, device='cuda:0', grad_fn=<MseLossBackward0>)
tensor(0.2368, device='cuda:0', grad_fn=<MseLossBackward0>)
tensor(0.2377, device='cuda:0', grad_fn=<MseLossBackward0>)
tensor(0.2300, device='cuda:0', grad_fn=<MseLossBackward0>)
tensor(0.2285, device='cuda:0', grad_fn=<MseLossBackward0>)
tensor(0.2379, device='cuda:0', grad_fn=<MseLossBackward0>)
tensor(0.2239, device='cuda:0', grad_fn=<MseLossBackward0>)
tensor(0.2484, device='cuda:0', grad_fn=<MseLossBackward0>)
tensor(0.2328, device='cuda:0', grad_fn=<MseLossBackward0>)
tensor(0.2422, device='cuda:0', grad_fn=<MseLossBackward0>)
tensor(0.2468, device='cuda:0', grad_fn=<MseLossBackward0>)
tensor(0.2928, device='cuda:0', grad_fn=<MseLossBackward0>)
=> Saving checkpoint
=> Saving checkpoint
=> Saving checkpoint
=> Saving checkpoint
tensor(0.2345, device='cuda:0', grad_fn=<MseLossBackward0>)
tensor(0.2400, device='cuda:0', grad_fn=<MseLossBackward0>)
tensor(0.2315, device='cuda:0', grad_fn=<MseLossBackward0>)
tensor(0.2202, device='cuda:0', grad_fn=<MseLossBackward0>)
tensor(0.2247, device='cuda:0', grad_fn=<MseLossBackward0>)
tensor(0.2417, device='cuda:0', grad_fn=<MseLossBackward0>)
tensor(0.2425, device='cuda:0', grad_fn=<MseLossBackward0>)
tensor(0.2354, device='cuda:0', grad_fn=<MseLossBackward0>)
tensor(0.2302, device='cuda:0', grad_fn=<MseLossBackward0>)
tensor(0.2363, device='cuda:0', grad_fn=<MseLossBackward0>)
tensor(0.2214, device='cuda:0', grad_fn=<MseLossBackward0>)
tensor(0.2231, device='cuda:0', grad_fn=<MseLossBackward0>)
tensor(0.2443, device='cuda:0', grad_fn=<MseLossBackward0>)
tensor(0.2148, device='cuda:0', grad_fn=<MseLossBackward0>)
tensor(0.2483, device='cuda:0', grad_fn=<MseLossBackward0>)
tensor(0.2227, device='cuda:0', grad_fn=<MseLossBackward0>)
tensor(0.2303, device='cuda:0', grad_fn=<MseLossBackward0>)
tensor(0.2329, device='cuda:0', grad_fn=<MseLossBackward0>)
tensor(0.2265, device='cuda:0', grad_fn=<MseLossBackward0>)
tensor(0.2205, device='cuda:0', grad_fn=<MseLossBackward0>)
tensor(0.2370, device='cuda:0', grad_fn=<MseLossBackward0>)
tensor(0.2279, device='cuda:0', grad_fn=<MseLossBackward0>)
tensor(0.2364, device='cuda:0', grad_fn=<MseLossBackward0>)
tensor(0.2220, device='cuda:0', grad_fn=<MseLossBackward0>)
tensor(0.2463, device='cuda:0', grad_fn=<MseLossBackward0>)
tensor(0.2245, device='cuda:0', grad_fn=<MseLossBackward0>)
tensor(0.2240, device='cuda:0', grad_fn=<MseLossBackward0>)
tensor(0.2437, device='cuda:0', grad_fn=<MseLossBackward0>)
tensor(0.2323, device='cuda:0', grad_fn=<MseLossBackward0>)
tensor(0.2339, device='cuda:0', grad_fn=<MseLossBackward0>)
tensor(0.2274, device='cuda:0', grad_fn=<MseLossBackward0>)
tensor(0.2229, device='cuda:0', grad_fn=<MseLossBackward0>)
tensor(0.2213, device='cuda:0', grad_fn=<MseLossBackward0>)
tensor(0.2270, device='cuda:0', grad_fn=<MseLossBackward0>)
tensor(0.2200, device='cuda:0', grad_fn=<MseLossBackward0>)
tensor(0.2174, device='cuda:0', grad_fn=<MseLossBackward0>)
tensor(0.2401, device='cuda:0', grad_fn=<MseLossBackward0>)
tensor(0.2298, device='cuda:0', grad_fn=<MseLossBackward0>)
tensor(0.2903, device='cuda:0', grad_fn=<MseLossBackward0>)
=> Saving checkpoint
=> Saving checkpoint
=> Saving checkpoint
=> Saving checkpoint
tensor(0.2275, device='cuda:0', grad_fn=<MseLossBackward0>)
tensor(0.2429, device='cuda:0', grad_fn=<MseLossBackward0>)
tensor(0.2172, device='cuda:0', grad_fn=<MseLossBackward0>)
tensor(0.2349, device='cuda:0', grad_fn=<MseLossBackward0>)
tensor(0.2103, device='cuda:0', grad_fn=<MseLossBackward0>)
tensor(0.2291, device='cuda:0', grad_fn=<MseLossBackward0>)
tensor(0.2230, device='cuda:0', grad_fn=<MseLossBackward0>)
tensor(0.2283, device='cuda:0', grad_fn=<MseLossBackward0>)
tensor(0.2133, device='cuda:0', grad_fn=<MseLossBackward0>)
tensor(0.2069, device='cuda:0', grad_fn=<MseLossBackward0>)
tensor(0.2100, device='cuda:0', grad_fn=<MseLossBackward0>)
tensor(0.2295, device='cuda:0', grad_fn=<MseLossBackward0>)
tensor(0.2181, device='cuda:0', grad_fn=<MseLossBackward0>)
tensor(0.2537, device='cuda:0', grad_fn=<MseLossBackward0>)
tensor(0.2260, device='cuda:0', grad_fn=<MseLossBackward0>)
tensor(0.2231, device='cuda:0', grad_fn=<MseLossBackward0>)
tensor(0.2455, device='cuda:0', grad_fn=<MseLossBackward0>)
tensor(0.2033, device='cuda:0', grad_fn=<MseLossBackward0>)
tensor(0.2262, device='cuda:0', grad_fn=<MseLossBackward0>)
tensor(0.2327, device='cuda:0', grad_fn=<MseLossBackward0>)
tensor(0.2114, device='cuda:0', grad_fn=<MseLossBackward0>)
tensor(0.2247, device='cuda:0', grad_fn=<MseLossBackward0>)
tensor(0.2087, device='cuda:0', grad_fn=<MseLossBackward0>)
tensor(0.2131, device='cuda:0', grad_fn=<MseLossBackward0>)
tensor(0.2067, device='cuda:0', grad_fn=<MseLossBackward0>)
tensor(0.2233, device='cuda:0', grad_fn=<MseLossBackward0>)
tensor(0.2056, device='cuda:0', grad_fn=<MseLossBackward0>)
tensor(0.2129, device='cuda:0', grad_fn=<MseLossBackward0>)
tensor(0.2167, device='cuda:0', grad_fn=<MseLossBackward0>)
tensor(0.2244, device='cuda:0', grad_fn=<MseLossBackward0>)
tensor(0.2396, device='cuda:0', grad_fn=<MseLossBackward0>)
tensor(0.2266, device='cuda:0', grad_fn=<MseLossBackward0>)
tensor(0.2182, device='cuda:0', grad_fn=<MseLossBackward0>)
tensor(0.2224, device='cuda:0', grad_fn=<MseLossBackward0>)
tensor(0.1906, device='cuda:0', grad_fn=<MseLossBackward0>)
tensor(0.2204, device='cuda:0', grad_fn=<MseLossBackward0>)
tensor(0.2384, device='cuda:0', grad_fn=<MseLossBackward0>)
tensor(0.2181, device='cuda:0', grad_fn=<MseLossBackward0>)
tensor(0.2699, device='cuda:0', grad_fn=<MseLossBackward0>)
=> Saving checkpoint
=> Saving checkpoint
=> Saving checkpoint
=> Saving checkpoint
tensor(0.2127, device='cuda:0', grad_fn=<MseLossBackward0>)
tensor(0.2172, device='cuda:0', grad_fn=<MseLossBackward0>)
tensor(0.2111, device='cuda:0', grad_fn=<MseLossBackward0>)
tensor(0.2174, device='cuda:0', grad_fn=<MseLossBackward0>)
tensor(0.2124, device='cuda:0', grad_fn=<MseLossBackward0>)
tensor(0.2197, device='cuda:0', grad_fn=<MseLossBackward0>)
tensor(0.2004, device='cuda:0', grad_fn=<MseLossBackward0>)
tensor(0.2230, device='cuda:0', grad_fn=<MseLossBackward0>)
tensor(0.2188, device='cuda:0', grad_fn=<MseLossBackward0>)

------------------------------------------------------------
Sender: LSF System <lsfadmin@hpc.dtu.dk>
Subject: Job 16806314: <torch_gpu> in cluster <dcc> Exited

Job <torch_gpu> was submitted from host <n-62-30-1> by user <s214617> in cluster <dcc> at Mon Jun  5 10:32:37 2023
Job was executed on host(s) <n-62-20-2>, in queue <gpuv100>, as user <s214617> in cluster <dcc> at Mon Jun  5 10:32:38 2023
</zhome/52/b/167847> was used as the home directory.
</zhome/52/b/167847/Desktop/02466/PointClouds/Fagprojekt_Git> was used as the working directory.
Started at Mon Jun  5 10:32:38 2023
Terminated at Mon Jun  5 10:58:45 2023
Results reported at Mon Jun  5 10:58:45 2023

Your job looked like:

------------------------------------------------------------
# LSBATCH: User input
#!/bin/sh
#BSUB -J torch_gpu
#BSUB -o torch_%J.out
#BSUB -e torch_%J.err
#BSUB -q gpuv100
#BSUB -gpu "num=1:mode=exclusive_process"
#BSUB -n 1
#BSUB -u s214617@dtu.dk
#BSUB -B
#BSUB -R "rusage[mem=10G]"
#BSUB -R "span[hosts=1]"
#BSUB -W 1440
# end of BSUB options

# load a scipy module
# replace VERSION and uncomment
module load scipy/1.10.1-python-3.9.16

# activate the virtual environment
# NOTE: needs to have been built with the same SciPy version above!
source 02466/bin/activate

python train.py

------------------------------------------------------------

TERM_OWNER: job killed by owner.
Exited with exit code 130.

Resource usage summary:

    CPU time :                                   1520.61 sec.
    Max Memory :                                 2982 MB
    Average Memory :                             2660.08 MB
    Total Requested Memory :                     10240.00 MB
    Delta Memory :                               7258.00 MB
    Max Swap :                                   -
    Max Processes :                              7
    Max Threads :                                22
    Run time :                                   1628 sec.
    Turnaround time :                            1568 sec.

The output (if any) is above this job summary.



PS:

Read file <torch_16806314.err> for stderr output of this job.

